<?xml version="1.0" encoding="UTF-8"?>
<!-- Generated by org.testng.reporters.JUnitReportReporter -->
<testsuite skipped="0" hostname="LAPTOP-0I5B3L8C" name="tests.TestSourch" tests="1" failures="0" timestamp="30 abr 2020 22:02:47 GMT" time="10.920" errors="0">
  <testcase name="testSourch" time="10.920" classname="tests.TestSourch"/>
</testsuite> <!-- tests.TestSourch -->
